Arguments: 
  /usr/local/Cellar/node/9.6.1/bin/node /usr/local/bin/yarn dev

PATH: 
  /usr/local/bin:/usr/bin:/bin:/usr/sbin:/sbin:/opt/X11/bin

Yarn version: 
  1.5.1

Node version: 
  9.6.1

Platform: 
  darwin x64

npm manifest: 
  {
    "name": "cloth",
    "version": "1.0.0",
    "main": "index.js",
    "author": "Amin",
    "license": "MIT",
    "private": false,
    "dependencies": {
      "@uirouter/angularjs": "^1.0.14",
      "angular": "^1.6.9",
      "express": "^4.16.2",
      "jquery": "^3.3.1",
      "ngstorage": "^0.3.11",
      "spectre.css": "^0.5.1",
      "yarn": "^1.6.0"
    },
    "scripts": {
      "start": "node server.js",
      "test": "echo \"Error: no test specified\" && exit 1",
      "build": "./node_modules/bin/webpack --env=production",
      "dev": "./node_modules/bin/webpack-dev-server --watch",
      "watch": "webpack --watch"
    },
    "devDependencies": {
      "babel-core": "^6.26.0",
      "babel-loader": "^7.1.2",
      "babel-preset-env": "^1.6.1",
      "body-parser": "^1.18.2",
      "css-loader": "^0.28.9",
      "eslint": "^4.19.1",
      "eslint-config-angular": "^0.5.0",
      "eslint-loader": "^1.9.0",
      "eslint-plugin-angular": "^3.2.0",
      "file-loader": "^1.1.6",
      "html-loader": "^0.5.5",
      "svg-inline-loader": "^0.8.0",
      "svg-loader": "^0.0.2",
      "uglifyjs-webpack-plugin": "^1.2.2",
      "url-loader": "^0.6.2",
      "webpack": "^3.10.0",
      "webpack-dev-server": "^2.10.1"
    }
  }

yarn manifest: 
  No manifest

Lockfile: 
  No lockfile

Trace: 
  Error: Command failed.
  Exit code: 127
  Command: sh
  Arguments: -c ./node_modules/bin/webpack-dev-server --watch
  Directory: /Users/amin/dev/cloth
  Output:
  
      at ProcessTermError.MessageError (/usr/local/lib/node_modules/yarn/lib/cli.js:186:110)
      at new ProcessTermError (/usr/local/lib/node_modules/yarn/lib/cli.js:226:113)
      at ChildProcess.<anonymous> (/usr/local/lib/node_modules/yarn/lib/cli.js:30281:17)
      at ChildProcess.emit (events.js:127:13)
      at maybeClose (internal/child_process.js:933:16)
      at Process.ChildProcess._handle.onexit (internal/child_process.js:220:5)
